<?xml version="1.0" encoding="UTF-8"?>
<testng-results ignored="0" total="1" passed="1" failed="0" skipped="0">
  <reporter-output>
    <line>
      <![CDATA[Commiting]]>
    </line>
  </reporter-output>
  <suite started-at="2024-03-08T11:10:36 IST" name="Default suite" finished-at="2024-03-08T11:10:36 IST" duration-ms="76">
    <groups>
    </groups>
    <test started-at="2024-03-08T11:10:36 IST" name="Default test" finished-at="2024-03-08T11:10:36 IST" duration-ms="76">
      <class name="practice.ToCommit">
        <test-method signature="toCommitandPush()[pri:0, instance:practice.ToCommit@4d154ccd]" started-at="2024-03-08T11:10:36 IST" name="toCommitandPush" finished-at="2024-03-08T11:10:36 IST" duration-ms="14" status="PASS">
          <reporter-output>
            <line>
              <![CDATA[Commiting]]>
            </line>
          </reporter-output>
        </test-method> <!-- toCommitandPush -->
      </class> <!-- practice.ToCommit -->
    </test> <!-- Default test -->
  </suite> <!-- Default suite -->
</testng-results>
